<?xml version="1.0" encoding="UTF-8"?>
<!-- Generated by org.testng.reporters.JUnitReportReporter -->
<testsuite hostname="VisitorsCoverages-MacBook-Pro.local" failures="0" tests="1" name="com.test.automatiom.testCaseAtlasAmericaFinal" time="218.213" errors="0" timestamp="2024-08-28T10:58:57 PDT" skipped="0">
  <testcase classname="com.test.automatiom.testCaseAtlasAmericaFinal" name="test" time="218.213"/>
  <system-out/>
</testsuite> <!-- com.test.automatiom.testCaseAtlasAmericaFinal -->
