<?xml version="1.0" encoding="UTF-8"?>
<!-- Generated by org.testng.reporters.JUnitReportReporter -->
<testsuite hostname="VisitorsCoverages-MacBook-Pro.local" failures="0" tests="1" name="com.test.references.DatePickerExample" time="10.348" errors="0" timestamp="2024-08-27T11:23:18 PDT" skipped="0">
  <testcase classname="com.test.references.DatePickerExample" name="tripDetails" time="10.348"/>
  <system-out/>
</testsuite> <!-- com.test.references.DatePickerExample -->
