<?xml version="1.0" encoding="UTF-8"?>
<!-- Generated by org.testng.reporters.JUnitReportReporter -->
<testsuite hostname="VisitorsCoverages-MacBook-Pro.local" failures="0" tests="1" name="com.test.automatiom.testCaseOneCopy" time="34.491" errors="0" timestamp="2024-08-26T13:35:11 PDT" skipped="0">
  <testcase classname="com.test.automatiom.testCaseOneCopy" name="test" time="34.491"/>
  <system-out/>
</testsuite> <!-- com.test.automatiom.testCaseOneCopy -->
