<?xml version="1.0" encoding="UTF-8"?>
<!-- Generated by org.testng.reporters.JUnitReportReporter -->
<testsuite hostname="VisitorsCoverages-MacBook-Pro.local" failures="0" tests="1" name="com.test.automatiom.testcase1" time="27.187" errors="0" timestamp="2024-08-23T08:46:28 PDT" skipped="0">
  <testcase classname="com.test.automatiom.testcase1" name="selectByList" time="27.187"/>
  <system-out/>
</testsuite> <!-- com.test.automatiom.testcase1 -->
