<?xml version="1.0" encoding="UTF-8"?>
<!-- Generated by org.testng.reporters.JUnitReportReporter -->
<testsuite hostname="VisitorsCoverages-MacBook-Pro.local" failures="0" tests="1" name="com.test.automatiom.testCaseAtlasAmericaFinalWithTimingsPOMWiseFinal" time="22.271" errors="0" timestamp="2024-09-03T14:04:30 PDT" skipped="0">
  <testcase classname="com.test.automatiom.testCaseAtlasAmericaFinalWithTimingsPOMWiseFinal" name="testCaseAtlasAmericaFinalWithTimingsPOMWise" time="22.271"/>
  <system-out/>
</testsuite> <!-- com.test.automatiom.testCaseAtlasAmericaFinalWithTimingsPOMWiseFinal -->
