<?xml version="1.0" encoding="UTF-8"?>
<!-- Generated by org.testng.reporters.JUnitReportReporter -->
<testsuite hostname="VisitorsCoverages-MacBook-Pro.local" failures="0" tests="1" name="com.test.automatiom.simpleTest" time="0.009" errors="0" timestamp="2024-09-13T12:37:43 PDT" skipped="0">
  <testcase classname="com.test.automatiom.simpleTest" name="test" time="0.009"/>
  <system-out/>
</testsuite> <!-- com.test.automatiom.simpleTest -->
