<?xml version="1.0" encoding="UTF-8"?>
<!-- Generated by org.testng.reporters.JUnitReportReporter -->
<testsuite hostname="VisitorsCoverages-MacBook-Pro.local" failures="0" tests="1" name="com.testgrid.google.tests.GoogleHomeTest" time="1.293" errors="0" timestamp="2024-08-29T11:14:32 PDT" skipped="0">
  <testcase classname="com.testgrid.google.tests.GoogleHomeTest" name="googleSearch" time="1.293"/>
  <system-out/>
</testsuite> <!-- com.testgrid.google.tests.GoogleHomeTest -->
