<?xml version="1.0" encoding="UTF-8"?>
<!-- Generated by org.testng.reporters.JUnitReportReporter -->
<testsuite hostname="VisitorsCoverages-MacBook-Pro.local" failures="0" tests="15" name="com.test.automatiom.testCaseTrawik" time="2687.444" errors="0" timestamp="2024-09-17T12:10:49 PDT" skipped="0">
  <testcase classname="com.test.automatiom.testCaseTrawik" name="test" time="181.231"/>
  <system-out/>
  <testcase classname="com.test.automatiom.testCaseTrawik" name="test" time="178.919"/>
  <system-out/>
  <testcase classname="com.test.automatiom.testCaseTrawik" name="test" time="179.588"/>
  <system-out/>
  <testcase classname="com.test.automatiom.testCaseTrawik" name="test" time="179.219"/>
  <system-out/>
  <testcase classname="com.test.automatiom.testCaseTrawik" name="test" time="178.680"/>
  <system-out/>
  <testcase classname="com.test.automatiom.testCaseTrawik" name="test" time="179.412"/>
  <system-out/>
  <testcase classname="com.test.automatiom.testCaseTrawik" name="test" time="178.725"/>
  <system-out/>
  <testcase classname="com.test.automatiom.testCaseTrawik" name="test" time="178.105"/>
  <system-out/>
  <testcase classname="com.test.automatiom.testCaseTrawik" name="test" time="178.601"/>
  <system-out/>
  <testcase classname="com.test.automatiom.testCaseTrawik" name="test" time="179.087"/>
  <system-out/>
  <testcase classname="com.test.automatiom.testCaseTrawik" name="test" time="178.437"/>
  <system-out/>
  <testcase classname="com.test.automatiom.testCaseTrawik" name="test" time="179.352"/>
  <system-out/>
  <testcase classname="com.test.automatiom.testCaseTrawik" name="test" time="179.367"/>
  <system-out/>
  <testcase classname="com.test.automatiom.testCaseTrawik" name="test" time="179.145"/>
  <system-out/>
  <testcase classname="com.test.automatiom.testCaseTrawik" name="test" time="179.576"/>
  <system-out/>
</testsuite> <!-- com.test.automatiom.testCaseTrawik -->
