<?xml version="1.0" encoding="UTF-8"?>
<!-- Generated by org.testng.reporters.JUnitReportReporter -->
<testsuite hostname="VisitorsCoverages-MacBook-Pro.local" failures="0" tests="1" name="com.test.automatiom.testCaseOneOther" time="66.316" errors="0" timestamp="2024-08-27T12:08:19 PDT" skipped="0">
  <testcase classname="com.test.automatiom.testCaseOneOther" name="test" time="66.316"/>
  <system-out/>
</testsuite> <!-- com.test.automatiom.testCaseOneOther -->
