<?xml version="1.0" encoding="UTF-8"?>
<!-- Generated by org.testng.reporters.JUnitReportReporter -->
<testsuite hostname="VisitorsCoverages-MacBook-Pro.local" failures="0" tests="1" name="com.test.automatiom.testCaseOneTrawik_TC1" time="183.048" errors="0" timestamp="2024-09-13T09:39:20 PDT" skipped="0">
  <testcase classname="com.test.automatiom.testCaseOneTrawik_TC1" name="test" time="183.048"/>
  <system-out/>
</testsuite> <!-- com.test.automatiom.testCaseOneTrawik_TC1 -->
