<?xml version="1.0" encoding="UTF-8"?>
<!-- Generated by org.testng.reporters.JUnitReportReporter -->
<testsuite hostname="VisitorsCoverages-MacBook-Pro.local" failures="0" tests="1" name="com.test.automatiom.testCaseOneTrawik_TC2" time="191.373" errors="0" timestamp="2024-09-13T09:56:30 PDT" skipped="0">
  <testcase classname="com.test.automatiom.testCaseOneTrawik_TC2" name="test" time="191.373"/>
  <system-out/>
</testsuite> <!-- com.test.automatiom.testCaseOneTrawik_TC2 -->
