<?xml version="1.0" encoding="UTF-8"?>
<!-- Generated by org.testng.reporters.JUnitReportReporter -->
<testsuite hostname="VisitorsCoverages-MacBook-Pro.local" failures="0" tests="1" name="com.test.automatiom.testCaseAtlasAmericaFinalWithTimingsForJenkins" time="114.395" errors="0" timestamp="2024-09-05T11:03:46 PDT" skipped="0">
  <testcase classname="com.test.automatiom.testCaseAtlasAmericaFinalWithTimingsForJenkins" name="test" time="114.395"/>
  <system-out/>
</testsuite> <!-- com.test.automatiom.testCaseAtlasAmericaFinalWithTimingsForJenkins -->
