<?xml version="1.0" encoding="UTF-8"?>
<!-- Generated by org.testng.reporters.JUnitReportReporter -->
<testsuite hostname="VisitorsCoverages-MacBook-Pro.local" failures="0" tests="1" name="com.test.automatiom.GoogleHomeTestLatest" time="0.137" errors="0" timestamp="2024-08-29T11:40:13 PDT" skipped="0">
  <testcase classname="com.test.automatiom.GoogleHomeTestLatest" name="googleSearch" time="0.137"/>
  <system-out/>
</testsuite> <!-- com.test.automatiom.GoogleHomeTestLatest -->
