<?xml version="1.0" encoding="UTF-8"?>
<!-- Generated by org.testng.reporters.JUnitReportReporter -->
<testsuite hostname="VisitorsCoverages-MacBook-Pro.local" failures="0" tests="1" name="com.test.automatiom.testCaseAtlasAmericaFinalWithTimingsPOMWiseLatest" time="16.106" errors="0" timestamp="2024-08-29T11:59:05 PDT" skipped="0">
  <testcase classname="com.test.automatiom.testCaseAtlasAmericaFinalWithTimingsPOMWiseLatest" name="testCaseAtlasAmericaFinalWithTimingsPOMWise" time="16.106"/>
  <system-out/>
</testsuite> <!-- com.test.automatiom.testCaseAtlasAmericaFinalWithTimingsPOMWiseLatest -->
