<?xml version="1.0" encoding="UTF-8"?>
<!-- Generated by org.testng.reporters.JUnitReportReporter -->
<testsuite hostname="VisitorsCoverages-MacBook-Pro.local" failures="0" tests="1" name="com.test.scratchPad.testParserJsonFinal" time="0.019" errors="0" timestamp="2024-09-03T11:04:33 PDT" skipped="0">
  <testcase classname="com.test.scratchPad.testParserJsonFinal" name="testAll" time="0.019"/>
  <system-out/>
</testsuite> <!-- com.test.scratchPad.testParserJsonFinal -->
