<?xml version="1.0" encoding="UTF-8"?>
<!-- Generated by org.testng.reporters.JUnitReportReporter -->
<testsuite hostname="VisitorsCoverages-MacBook-Pro.local" failures="0" tests="1" name="com.test.automatiom.testCaseOneTrawik" time="167.315" errors="0" timestamp="2024-09-11T15:44:49 PDT" skipped="0">
  <testcase classname="com.test.automatiom.testCaseOneTrawik" name="test" time="167.315"/>
  <system-out/>
</testsuite> <!-- com.test.automatiom.testCaseOneTrawik -->
