<?xml version="1.0" encoding="UTF-8"?>
<!-- Generated by org.testng.reporters.JUnitReportReporter -->
<testsuite hostname="VisitorsCoverages-MacBook-Pro.local" failures="0" tests="1" name="com.test.utils.utilsClass" time="0.007" errors="0" timestamp="2024-08-26T11:07:33 PDT" skipped="0">
  <testcase classname="com.test.utils.utilsClass" name="testAll" time="0.007"/>
  <system-out/>
</testsuite> <!-- com.test.utils.utilsClass -->
