<?xml version="1.0" encoding="UTF-8"?>
<!-- Generated by org.testng.reporters.JUnitReportReporter -->
<testsuite hostname="VisitorsCoverages-MacBook-Pro.local" failures="0" tests="1" name="com.test.references.testAll" time="0.014" errors="0" timestamp="2024-08-26T17:15:29 PDT" skipped="0">
  <testcase classname="com.test.references.testAll" name="testSplit" time="0.014"/>
  <system-out/>
</testsuite> <!-- com.test.references.testAll -->
