<?xml version="1.0" encoding="UTF-8"?>
<!-- Generated by org.testng.reporters.JUnitReportReporter -->
<testsuite hostname="VisitorsCoverages-MacBook-Pro.local" failures="0" tests="1" name="com.test.automatiom.testCaseOneFinal" time="131.216" errors="0" timestamp="2024-08-26T23:12:29 PDT" skipped="0">
  <testcase classname="com.test.automatiom.testCaseOneFinal" name="test" time="131.216"/>
  <system-out/>
</testsuite> <!-- com.test.automatiom.testCaseOneFinal -->
